{"D:\\github\\algorithm\\sort\\bubble.js":{"path":"D:\\github\\algorithm\\sort\\bubble.js","s":{"1":1,"2":1,"3":2,"4":2,"5":19,"6":19,"7":190,"8":88,"9":88,"10":2,"11":1,"12":1,"13":1},"b":{"1":[21,21],"2":[88,102]},"f":{"1":2},"fnMap":{"1":{"name":"bubble","line":2,"loc":{"start":{"line":2,"column":0},"end":{"line":2,"column":21}}}},"statementMap":{"1":{"start":{"line":1,"column":0},"end":{"line":1,"column":32}},"2":{"start":{"line":2,"column":0},"end":{"line":15,"column":1}},"3":{"start":{"line":3,"column":4},"end":{"line":3,"column":23}},"4":{"start":{"line":4,"column":4},"end":{"line":12,"column":5}},"5":{"start":{"line":5,"column":8},"end":{"line":5,"column":23}},"6":{"start":{"line":6,"column":8},"end":{"line":11,"column":9}},"7":{"start":{"line":7,"column":12},"end":{"line":10,"column":13}},"8":{"start":{"line":8,"column":16},"end":{"line":8,"column":36}},"9":{"start":{"line":9,"column":16},"end":{"line":9,"column":31}},"10":{"start":{"line":14,"column":4},"end":{"line":14,"column":15}},"11":{"start":{"line":17,"column":0},"end":{"line":17,"column":24}},"12":{"start":{"line":18,"column":0},"end":{"line":18,"column":76}},"13":{"start":{"line":20,"column":0},"end":{"line":20,"column":24}}},"branchMap":{"1":{"line":4,"type":"binary-expr","locations":[{"start":{"line":4,"column":20},"end":{"line":4,"column":34}},{"start":{"line":4,"column":38},"end":{"line":4,"column":45}}]},"2":{"line":7,"type":"if","locations":[{"start":{"line":7,"column":12},"end":{"line":7,"column":12}},{"start":{"line":7,"column":12},"end":{"line":7,"column":12}}]}}},"D:\\github\\algorithm\\sort\\swap.js":{"path":"D:\\github\\algorithm\\sort\\swap.js","s":{"1":1,"2":88,"3":88,"4":88,"5":1},"b":{},"f":{"1":88},"fnMap":{"1":{"name":"swap","line":1,"loc":{"start":{"line":1,"column":0},"end":{"line":1,"column":25}}}},"statementMap":{"1":{"start":{"line":1,"column":0},"end":{"line":5,"column":1}},"2":{"start":{"line":2,"column":4},"end":{"line":2,"column":22}},"3":{"start":{"line":3,"column":4},"end":{"line":3,"column":20}},"4":{"start":{"line":4,"column":4},"end":{"line":4,"column":18}},"5":{"start":{"line":7,"column":0},"end":{"line":7,"column":22}}},"branchMap":{}}}