TN:
SF:D:\github\algorithm\sort\bubble.js
FN:2,bubble
FNF:1
FNH:1
FNDA:2,bubble
DA:1,1
DA:2,1
DA:3,2
DA:4,2
DA:5,19
DA:6,19
DA:7,190
DA:8,88
DA:9,88
DA:14,2
DA:17,1
DA:18,1
DA:20,1
LF:13
LH:13
BRDA:4,1,0,21
BRDA:4,1,1,21
BRDA:7,2,0,88
BRDA:7,2,1,102
BRF:4
BRH:4
end_of_record
TN:
SF:D:\github\algorithm\sort\swap.js
FN:1,swap
FNF:1
FNH:1
FNDA:88,swap
DA:1,1
DA:2,88
DA:3,88
DA:4,88
DA:7,1
LF:5
LH:5
BRF:0
BRH:0
end_of_record
TN:
SF:D:\github\algorithm\sort\bubble2.js
FN:1,swap
FN:8,bubble
FNF:2
FNH:2
FNDA:88,swap
FNDA:2,bubble
DA:1,1
DA:2,88
DA:3,88
DA:4,88
DA:7,1
DA:8,1
DA:9,2
DA:10,2
DA:11,2
DA:12,24
DA:13,24
DA:14,169
DA:15,88
DA:16,88
DA:19,24
DA:22,2
DA:25,1
DA:26,1
DA:27,1
DA:28,1
LF:20
LH:20
BRDA:14,1,0,88
BRDA:14,1,1,81
BRF:2
BRH:2
end_of_record
